# JRE version: Java(TM) SE Runtime Environment (8.0_121-b13) (build 1.8.0_121-b13)
# Java VM: Java HotSpot(TM) 64-Bit Server VM (25.121-b13 mixed mode bsd-amd64 compressed oops)
Heap:
 PSYoungGen      total 162816K, used 69239K [0x0000000795580000, 0x00000007a2980000, 0x00000007c0000000)
  eden space 152576K, 38% used [0x0000000795580000,0x0000000798f208b0,0x000000079ea80000)
  from space 10240K, 99% used [0x000000079f780000,0x00000007a017d3a8,0x00000007a0180000)
  to   space 13312K, 0% used [0x000000079ea80000,0x000000079ea80000,0x000000079f780000)
 ParOldGen       total 58880K, used 11524K [0x0000000740000000, 0x0000000743980000, 0x0000000795580000)
  object space 58880K, 19% used [0x0000000740000000,0x0000000740b41178,0x0000000743980000)
 Metaspace       used 32168K, capacity 32562K, committed 32896K, reserved 1077248K
  class space    used 4027K, capacity 4132K, committed 4224K, reserved 1048576K
GC Heap History (10 events):
Event: 4.502 GC heap before
{Heap before GC invocations=5 (full 0):
 PSYoungGen      total 71680K, used 44347K [0x0000000795580000, 0x000000079a080000, 0x00000007c0000000)
  eden space 66560K, 58% used [0x0000000795580000,0x0000000797bcfc30,0x0000000799680000)
  from space 5120K, 99% used [0x0000000799b80000,0x000000079a07f2e8,0x000000079a080000)
  to   space 5120K, 0% used [0x0000000799680000,0x0000000799680000,0x0000000799b80000)
 ParOldGen       total 87552K, used 3600K [0x0000000740000000, 0x0000000745580000, 0x0000000795580000)
  object space 87552K, 4% used [0x0000000740000000,0x00000007403840c0,0x0000000745580000)
 Metaspace       used 20865K, capacity 21150K, committed 21296K, reserved 1069056K
  class space    used 2571K, capacity 2662K, committed 2688K, reserved 1048576K
Event: 4.514 GC heap after
Heap after GC invocations=5 (full 0):
 PSYoungGen      total 71680K, used 5116K [0x0000000795580000, 0x000000079ea80000, 0x00000007c0000000)
  eden space 66560K, 0% used [0x0000000795580000,0x0000000795580000,0x0000000799680000)
  from space 5120K, 99% used [0x0000000799680000,0x0000000799b7f2e8,0x0000000799b80000)
  to   space 9728K, 0% used [0x000000079e100000,0x000000079e100000,0x000000079ea80000)
 ParOldGen       total 87552K, used 6070K [0x0000000740000000, 0x0000000745580000, 0x0000000795580000)
  object space 87552K, 6% used [0x0000000740000000,0x00000007405ed978,0x0000000745580000)
 Metaspace       used 20865K, capacity 21150K, committed 21296K, reserved 1069056K
  class space    used 2571K, capacity 2662K, committed 2688K, reserved 1048576K
}
Event: 4.514 GC heap before
{Heap before GC invocations=6 (full 1):
 PSYoungGen      total 71680K, used 5116K [0x0000000795580000, 0x000000079ea80000, 0x00000007c0000000)
  eden space 66560K, 0% used [0x0000000795580000,0x0000000795580000,0x0000000799680000)
  from space 5120K, 99% used [0x0000000799680000,0x0000000799b7f2e8,0x0000000799b80000)
  to   space 9728K, 0% used [0x000000079e100000,0x000000079e100000,0x000000079ea80000)
 ParOldGen       total 87552K, used 6070K [0x0000000740000000, 0x0000000745580000, 0x0000000795580000)
  object space 87552K, 6% used [0x0000000740000000,0x00000007405ed978,0x0000000745580000)
 Metaspace       used 20865K, capacity 21150K, committed 21296K, reserved 1069056K
  class space    used 2571K, capacity 2662K, committed 2688K, reserved 1048576K
Event: 4.580 GC heap after
Heap after GC invocations=6 (full 1):
 PSYoungGen      total 71680K, used 0K [0x0000000795580000, 0x000000079ea80000, 0x00000007c0000000)
  eden space 66560K, 0% used [0x0000000795580000,0x0000000795580000,0x0000000799680000)
  from space 5120K, 0% used [0x0000000799680000,0x0000000799680000,0x0000000799b80000)
  to   space 9728K, 0% used [0x000000079e100000,0x000000079e100000,0x000000079ea80000)
 ParOldGen       total 58880K, used 7524K [0x0000000740000000, 0x0000000743980000, 0x0000000795580000)
  object space 58880K, 12% used [0x0000000740000000,0x00000007407591d8,0x0000000743980000)
 Metaspace       used 20865K, capacity 21150K, committed 21296K, reserved 1069056K
  class space    used 2571K, capacity 2662K, committed 2688K, reserved 1048576K
}
Event: 6.190 GC heap before
{Heap before GC invocations=7 (full 1):
 PSYoungGen      total 71680K, used 66560K [0x0000000795580000, 0x000000079ea80000, 0x00000007c0000000)
  eden space 66560K, 100% used [0x0000000795580000,0x0000000799680000,0x0000000799680000)
  from space 5120K, 0% used [0x0000000799680000,0x0000000799680000,0x0000000799b80000)
  to   space 9728K, 0% used [0x000000079e100000,0x000000079e100000,0x000000079ea80000)
 ParOldGen       total 58880K, used 7524K [0x0000000740000000, 0x0000000743980000, 0x0000000795580000)
  object space 58880K, 12% used [0x0000000740000000,0x00000007407591d8,0x0000000743980000)
 Metaspace       used 22830K, capacity 23120K, committed 23344K, reserved 1069056K
  class space    used 2830K, capacity 2889K, committed 2944K, reserved 1048576K
Event: 6.211 GC heap after
Heap after GC invocations=7 (full 1):
 PSYoungGen      total 107520K, used 4371K [0x0000000795580000, 0x000000079e580000, 0x00000007c0000000)
  eden space 102912K, 0% used [0x0000000795580000,0x0000000795580000,0x000000079ba00000)
  from space 4608K, 94% used [0x000000079e100000,0x000000079e544f58,0x000000079e580000)
  to   space 9728K, 0% used [0x000000079d280000,0x000000079d280000,0x000000079dc00000)
 ParOldGen       total 58880K, used 7532K [0x0000000740000000, 0x0000000743980000, 0x0000000795580000)
  object space 58880K, 12% used [0x0000000740000000,0x000000074075b1d8,0x0000000743980000)
 Metaspace       used 22830K, capacity 23120K, committed 23344K, reserved 1069056K
  class space    used 2830K, capacity 2889K, committed 2944K, reserved 1048576K
}
Event: 9.360 GC heap before
{Heap before GC invocations=8 (full 1):
 PSYoungGen      total 107520K, used 107283K [0x0000000795580000, 0x000000079e580000, 0x00000007c0000000)
  eden space 102912K, 100% used [0x0000000795580000,0x000000079ba00000,0x000000079ba00000)
  from space 4608K, 94% used [0x000000079e100000,0x000000079e544f58,0x000000079e580000)
  to   space 9728K, 0% used [0x000000079d280000,0x000000079d280000,0x000000079dc00000)
 ParOldGen       total 58880K, used 7532K [0x0000000740000000, 0x0000000743980000, 0x0000000795580000)
  object space 58880K, 12% used [0x0000000740000000,0x000000074075b1d8,0x0000000743980000)
 Metaspace       used 26015K, capacity 26352K, committed 26624K, reserved 1073152K
  class space    used 3216K, capacity 3289K, committed 3328K, reserved 1048576K
Event: 9.391 GC heap after
Heap after GC invocations=8 (full 1):
 PSYoungGen      total 137728K, used 7665K [0x0000000795580000, 0x00000007a0180000, 0x00000007c0000000)
  eden space 128000K, 0% used [0x0000000795580000,0x0000000795580000,0x000000079d280000)
  from space 9728K, 78% used [0x000000079d280000,0x000000079d9fc468,0x000000079dc00000)
  to   space 10240K, 0% used [0x000000079f780000,0x000000079f780000,0x00000007a0180000)
 ParOldGen       total 58880K, used 7540K [0x0000000740000000, 0x0000000743980000, 0x0000000795580000)
  object space 58880K, 12% used [0x0000000740000000,0x000000074075d1d8,0x0000000743980000)
 Metaspace       used 26015K, capacity 26352K, committed 26624K, reserved 1073152K
  class space    used 3216K, capacity 3289K, committed 3328K, reserved 1048576K
}
Event: 12.023 GC heap before
{Heap before GC invocations=9 (full 1):
 PSYoungGen      total 137728K, used 135665K [0x0000000795580000, 0x00000007a0180000, 0x00000007c0000000)
  eden space 128000K, 100% used [0x0000000795580000,0x000000079d280000,0x000000079d280000)
  from space 9728K, 78% used [0x000000079d280000,0x000000079d9fc468,0x000000079dc00000)
  to   space 10240K, 0% used [0x000000079f780000,0x000000079f780000,0x00000007a0180000)
 ParOldGen       total 58880K, used 7540K [0x0000000740000000, 0x0000000743980000, 0x0000000795580000)
  object space 58880K, 12% used [0x0000000740000000,0x000000074075d1d8,0x0000000743980000)
 Metaspace       used 29939K, capacity 30286K, committed 30464K, reserved 1075200K
  class space    used 3707K, capacity 3806K, committed 3840K, reserved 1048576K
Event: 12.048 GC heap after
Heap after GC invocations=9 (full 1):
 PSYoungGen      total 162816K, used 10228K [0x0000000795580000, 0x00000007a2980000, 0x00000007c0000000)
  eden space 152576K, 0% used [0x0000000795580000,0x0000000795580000,0x000000079ea80000)
  from space 10240K, 99% used [0x000000079f780000,0x00000007a017d3a8,0x00000007a0180000)
  to   space 13312K, 0% used [0x000000079ea80000,0x000000079ea80000,0x000000079f780000)
 ParOldGen       total 58880K, used 11524K [0x0000000740000000, 0x0000000743980000, 0x0000000795580000)
  object space 58880K, 19% used [0x0000000740000000,0x0000000740b41178,0x0000000743980000)
 Metaspace       used 29939K, capacity 30286K, committed 30464K, reserved 1075200K
  class space    used 3707K, capacity 3806K, committed 3840K, reserved 1048576K
}

