# JRE version: Java(TM) SE Runtime Environment (8.0_121-b13) (build 1.8.0_121-b13)
# Java VM: Java HotSpot(TM) 64-Bit Server VM (25.121-b13 mixed mode bsd-amd64 compressed oops)
Heap:
 PSYoungGen      total 224256K, used 106710K [0x0000000795580000, 0x00000007a4200000, 0x00000007c0000000)
  eden space 212480K, 44% used [0x0000000795580000,0x000000079b239bd0,0x00000007a2500000)
  from space 11776K, 99% used [0x00000007a3580000,0x00000007a40fbe48,0x00000007a4100000)
  to   space 14848K, 0% used [0x00000007a2500000,0x00000007a2500000,0x00000007a3380000)
 ParOldGen       total 57344K, used 12189K [0x0000000740000000, 0x0000000743800000, 0x0000000795580000)
  object space 57344K, 21% used [0x0000000740000000,0x0000000740be7628,0x0000000743800000)
 Metaspace       used 32131K, capacity 32562K, committed 32896K, reserved 1077248K
  class space    used 4025K, capacity 4132K, committed 4224K, reserved 1048576K
GC Heap History (10 events):
Event: 4.498 GC heap before
{Heap before GC invocations=3 (full 0):
 PSYoungGen      total 71680K, used 70578K [0x0000000795580000, 0x000000079a080000, 0x00000007c0000000)
  eden space 66560K, 100% used [0x0000000795580000,0x0000000799680000,0x0000000799680000)
  from space 5120K, 78% used [0x0000000799b80000,0x0000000799f6c9f0,0x000000079a080000)
  to   space 5120K, 0% used [0x0000000799680000,0x0000000799680000,0x0000000799b80000)
 ParOldGen       total 87552K, used 16K [0x0000000740000000, 0x0000000745580000, 0x0000000795580000)
  object space 87552K, 0% used [0x0000000740000000,0x0000000740004000,0x0000000745580000)
 Metaspace       used 18405K, capacity 18672K, committed 18816K, reserved 1064960K
  class space    used 2236K, capacity 2326K, committed 2432K, reserved 1048576K
Event: 4.544 GC heap after
Heap after GC invocations=3 (full 0):
 PSYoungGen      total 71680K, used 5103K [0x0000000795580000, 0x000000079e180000, 0x00000007c0000000)
  eden space 66560K, 0% used [0x0000000795580000,0x0000000795580000,0x0000000799680000)
  from space 5120K, 99% used [0x0000000799680000,0x0000000799b7bd58,0x0000000799b80000)
  to   space 5120K, 0% used [0x000000079dc80000,0x000000079dc80000,0x000000079e180000)
 ParOldGen       total 87552K, used 6017K [0x0000000740000000, 0x0000000745580000, 0x0000000795580000)
  object space 87552K, 6% used [0x0000000740000000,0x00000007405e0768,0x0000000745580000)
 Metaspace       used 18405K, capacity 18672K, committed 18816K, reserved 1064960K
  class space    used 2236K, capacity 2326K, committed 2432K, reserved 1048576K
}
Event: 5.272 GC heap before
{Heap before GC invocations=4 (full 0):
 PSYoungGen      total 71680K, used 43547K [0x0000000795580000, 0x000000079e180000, 0x00000007c0000000)
  eden space 66560K, 57% used [0x0000000795580000,0x0000000797b0af48,0x0000000799680000)
  from space 5120K, 99% used [0x0000000799680000,0x0000000799b7bd58,0x0000000799b80000)
  to   space 5120K, 0% used [0x000000079dc80000,0x000000079dc80000,0x000000079e180000)
 ParOldGen       total 87552K, used 6017K [0x0000000740000000, 0x0000000745580000, 0x0000000795580000)
  object space 87552K, 6% used [0x0000000740000000,0x00000007405e0768,0x0000000745580000)
 Metaspace       used 20918K, capacity 21150K, committed 21296K, reserved 1069056K
  class space    used 2574K, capacity 2662K, committed 2688K, reserved 1048576K
Event: 5.294 GC heap after
Heap after GC invocations=4 (full 0):
 PSYoungGen      total 138240K, used 5116K [0x0000000795580000, 0x000000079e180000, 0x00000007c0000000)
  eden space 133120K, 0% used [0x0000000795580000,0x0000000795580000,0x000000079d780000)
  from space 5120K, 99% used [0x000000079dc80000,0x000000079e17f2e8,0x000000079e180000)
  to   space 5120K, 0% used [0x000000079d780000,0x000000079d780000,0x000000079dc80000)
 ParOldGen       total 87552K, used 8295K [0x0000000740000000, 0x0000000745580000, 0x0000000795580000)
  object space 87552K, 9% used [0x0000000740000000,0x0000000740819de0,0x0000000745580000)
 Metaspace       used 20918K, capacity 21150K, committed 21296K, reserved 1069056K
  class space    used 2574K, capacity 2662K, committed 2688K, reserved 1048576K
}
Event: 5.294 GC heap before
{Heap before GC invocations=5 (full 1):
 PSYoungGen      total 138240K, used 5116K [0x0000000795580000, 0x000000079e180000, 0x00000007c0000000)
  eden space 133120K, 0% used [0x0000000795580000,0x0000000795580000,0x000000079d780000)
  from space 5120K, 99% used [0x000000079dc80000,0x000000079e17f2e8,0x000000079e180000)
  to   space 5120K, 0% used [0x000000079d780000,0x000000079d780000,0x000000079dc80000)
 ParOldGen       total 87552K, used 8295K [0x0000000740000000, 0x0000000745580000, 0x0000000795580000)
  object space 87552K, 9% used [0x0000000740000000,0x0000000740819de0,0x0000000745580000)
 Metaspace       used 20918K, capacity 21150K, committed 21296K, reserved 1069056K
  class space    used 2574K, capacity 2662K, committed 2688K, reserved 1048576K
Event: 5.346 GC heap after
Heap after GC invocations=5 (full 1):
 PSYoungGen      total 138240K, used 0K [0x0000000795580000, 0x000000079e180000, 0x00000007c0000000)
  eden space 133120K, 0% used [0x0000000795580000,0x0000000795580000,0x000000079d780000)
  from space 5120K, 0% used [0x000000079dc80000,0x000000079dc80000,0x000000079e180000)
  to   space 5120K, 0% used [0x000000079d780000,0x000000079d780000,0x000000079dc80000)
 ParOldGen       total 57344K, used 7321K [0x0000000740000000, 0x0000000743800000, 0x0000000795580000)
  object space 57344K, 12% used [0x0000000740000000,0x0000000740726548,0x0000000743800000)
 Metaspace       used 20918K, capacity 21150K, committed 21296K, reserved 1069056K
  class space    used 2574K, capacity 2662K, committed 2688K, reserved 1048576K
}
Event: 7.389 GC heap before
{Heap before GC invocations=6 (full 1):
 PSYoungGen      total 138240K, used 133120K [0x0000000795580000, 0x000000079e180000, 0x00000007c0000000)
  eden space 133120K, 100% used [0x0000000795580000,0x000000079d780000,0x000000079d780000)
  from space 5120K, 0% used [0x000000079dc80000,0x000000079dc80000,0x000000079e180000)
  to   space 5120K, 0% used [0x000000079d780000,0x000000079d780000,0x000000079dc80000)
 ParOldGen       total 57344K, used 7321K [0x0000000740000000, 0x0000000743800000, 0x0000000795580000)
  object space 57344K, 12% used [0x0000000740000000,0x0000000740726548,0x0000000743800000)
 Metaspace       used 24615K, capacity 24928K, committed 25216K, reserved 1071104K
  class space    used 3049K, capacity 3121K, committed 3200K, reserved 1048576K
Event: 7.401 GC heap after
Heap after GC invocations=6 (full 1):
 PSYoungGen      total 138240K, used 5115K [0x0000000795580000, 0x00000007a4100000, 0x00000007c0000000)
  eden space 133120K, 0% used [0x0000000795580000,0x0000000795580000,0x000000079d780000)
  from space 5120K, 99% used [0x000000079d780000,0x000000079dc7efc8,0x000000079dc80000)
  to   space 11776K, 0% used [0x00000007a3580000,0x00000007a3580000,0x00000007a4100000)
 ParOldGen       total 57344K, used 10355K [0x0000000740000000, 0x0000000743800000, 0x0000000795580000)
  object space 57344K, 18% used [0x0000000740000000,0x0000000740a1cd18,0x0000000743800000)
 Metaspace       used 24615K, capacity 24928K, committed 25216K, reserved 1071104K
  class space    used 3049K, capacity 3121K, committed 3200K, reserved 1048576K
}
Event: 10.060 GC heap before
{Heap before GC invocations=7 (full 1):
 PSYoungGen      total 138240K, used 138235K [0x0000000795580000, 0x00000007a4100000, 0x00000007c0000000)
  eden space 133120K, 100% used [0x0000000795580000,0x000000079d780000,0x000000079d780000)
  from space 5120K, 99% used [0x000000079d780000,0x000000079dc7efc8,0x000000079dc80000)
  to   space 11776K, 0% used [0x00000007a3580000,0x00000007a3580000,0x00000007a4100000)
 ParOldGen       total 57344K, used 10355K [0x0000000740000000, 0x0000000743800000, 0x0000000795580000)
  object space 57344K, 18% used [0x0000000740000000,0x0000000740a1cd18,0x0000000743800000)
 Metaspace       used 29454K, capacity 29838K, committed 30208K, reserved 1075200K
  class space    used 3645K, capacity 3742K, committed 3840K, reserved 1048576K
Event: 10.078 GC heap after
Heap after GC invocations=7 (full 1):
 PSYoungGen      total 224256K, used 11759K [0x0000000795580000, 0x00000007a4200000, 0x00000007c0000000)
  eden space 212480K, 0% used [0x0000000795580000,0x0000000795580000,0x00000007a2500000)
  from space 11776K, 99% used [0x00000007a3580000,0x00000007a40fbe48,0x00000007a4100000)
  to   space 14848K, 0% used [0x00000007a2500000,0x00000007a2500000,0x00000007a3380000)
 ParOldGen       total 57344K, used 12189K [0x0000000740000000, 0x0000000743800000, 0x0000000795580000)
  object space 57344K, 21% used [0x0000000740000000,0x0000000740be7628,0x0000000743800000)
 Metaspace       used 29454K, capacity 29838K, committed 30208K, reserved 1075200K
  class space    used 3645K, capacity 3742K, committed 3840K, reserved 1048576K
}

